2022-05-06T06:06:57+00:00 CRITICAL syntax error, unexpected '}' in /Users/rekki/htdocs/ritz/wp-content/themes/ritz/template-parts/parts/banners/_part-banner-shop_favorites.php on line 6

2022-05-06T06:11:18+00:00 CRITICAL syntax error, unexpected 'print_r' (T_STRING) in /Users/rekki/htdocs/ritz/wp-content/themes/ritz/template-parts/parts/banners/_part-banner-shop_favorites.php on line 5

2022-05-06T06:11:27+00:00 CRITICAL syntax error, unexpected 'print_r' (T_STRING) in /Users/rekki/htdocs/ritz/wp-content/themes/ritz/template-parts/parts/banners/_part-banner-shop_favorites.php on line 5

2022-05-06T06:11:35+00:00 CRITICAL syntax error, unexpected 'print_r' (T_STRING) in /Users/rekki/htdocs/ritz/wp-content/themes/ritz/template-parts/parts/banners/_part-banner-shop_favorites.php on line 5

2022-05-06T06:19:28+00:00 CRITICAL Uncaught Error: Cannot use object of type WP_Post as array in /Users/rekki/htdocs/ritz/wp-content/themes/ritz/template-parts/parts/banners/_part-banner-shop_favorites.php:28
Stack trace:
#0 /Users/rekki/htdocs/ritz/wp-includes/template.php(772): require()
#1 /Users/rekki/htdocs/ritz/wp-includes/template.php(716): load_template('/Users/rekki/ht...', false, Array)
#2 /Users/rekki/htdocs/ritz/wp-includes/general-template.php(204): locate_template(Array, true, false, Array)
#3 /Users/rekki/htdocs/ritz/wp-content/themes/ritz/template-parts/pages/home/_home-Banners.php(12): get_template_part('template-parts/...', 'shop_favorites')
#4 /Users/rekki/htdocs/ritz/wp-includes/template.php(772): require('/Users/rekki/ht...')
#5 /Users/rekki/htdocs/ritz/wp-includes/template.php(716): load_template('/Users/rekki/ht...', false, Array)
#6 /Users/rekki/htdocs/ritz/wp-includes/general-template.php(204): locate_template(Array, true, false, Array)
#7 /Users/rekki/htdocs/ritz/wp-content/themes/ritz/front-page.php(33): get_template in /Users/rekki/htdocs/ritz/wp-content/themes/ritz/template-parts/parts/banners/_part-banner-shop_favorites.php on line 28

2022-05-06T06:19:30+00:00 CRITICAL Uncaught Error: Cannot use object of type WP_Post as array in /Users/rekki/htdocs/ritz/wp-content/themes/ritz/template-parts/parts/banners/_part-banner-shop_favorites.php:28
Stack trace:
#0 /Users/rekki/htdocs/ritz/wp-includes/template.php(772): require()
#1 /Users/rekki/htdocs/ritz/wp-includes/template.php(716): load_template('/Users/rekki/ht...', false, Array)
#2 /Users/rekki/htdocs/ritz/wp-includes/general-template.php(204): locate_template(Array, true, false, Array)
#3 /Users/rekki/htdocs/ritz/wp-content/themes/ritz/template-parts/pages/home/_home-Banners.php(12): get_template_part('template-parts/...', 'shop_favorites')
#4 /Users/rekki/htdocs/ritz/wp-includes/template.php(772): require('/Users/rekki/ht...')
#5 /Users/rekki/htdocs/ritz/wp-includes/template.php(716): load_template('/Users/rekki/ht...', false, Array)
#6 /Users/rekki/htdocs/ritz/wp-includes/general-template.php(204): locate_template(Array, true, false, Array)
#7 /Users/rekki/htdocs/ritz/wp-content/themes/ritz/front-page.php(33): get_template in /Users/rekki/htdocs/ritz/wp-content/themes/ritz/template-parts/parts/banners/_part-banner-shop_favorites.php on line 28

2022-05-06T06:21:37+00:00 CRITICAL Uncaught Error: Call to undefined function get_post_thumbnail() in /Users/rekki/htdocs/ritz/wp-content/themes/ritz/template-parts/parts/banners/_part-banner-shop_favorites.php:26
Stack trace:
#0 /Users/rekki/htdocs/ritz/wp-includes/template.php(772): require()
#1 /Users/rekki/htdocs/ritz/wp-includes/template.php(716): load_template('/Users/rekki/ht...', false, Array)
#2 /Users/rekki/htdocs/ritz/wp-includes/general-template.php(204): locate_template(Array, true, false, Array)
#3 /Users/rekki/htdocs/ritz/wp-content/themes/ritz/template-parts/pages/home/_home-Banners.php(12): get_template_part('template-parts/...', 'shop_favorites')
#4 /Users/rekki/htdocs/ritz/wp-includes/template.php(772): require('/Users/rekki/ht...')
#5 /Users/rekki/htdocs/ritz/wp-includes/template.php(716): load_template('/Users/rekki/ht...', false, Array)
#6 /Users/rekki/htdocs/ritz/wp-includes/general-template.php(204): locate_template(Array, true, false, Array)
#7 /Users/rekki/htdocs/ritz/wp-content/themes/ritz/front-page.php(33): get_tem in /Users/rekki/htdocs/ritz/wp-content/themes/ritz/template-parts/parts/banners/_part-banner-shop_favorites.php on line 26

2022-05-06T06:22:21+00:00 CRITICAL Uncaught Error: Call to undefined function get_post_thumbnail() in /Users/rekki/htdocs/ritz/wp-content/themes/ritz/template-parts/parts/banners/_part-banner-shop_favorites.php:26
Stack trace:
#0 /Users/rekki/htdocs/ritz/wp-includes/template.php(772): require()
#1 /Users/rekki/htdocs/ritz/wp-includes/template.php(716): load_template('/Users/rekki/ht...', false, Array)
#2 /Users/rekki/htdocs/ritz/wp-includes/general-template.php(204): locate_template(Array, true, false, Array)
#3 /Users/rekki/htdocs/ritz/wp-content/themes/ritz/template-parts/pages/home/_home-Banners.php(12): get_template_part('template-parts/...', 'shop_favorites')
#4 /Users/rekki/htdocs/ritz/wp-includes/template.php(772): require('/Users/rekki/ht...')
#5 /Users/rekki/htdocs/ritz/wp-includes/template.php(716): load_template('/Users/rekki/ht...', false, Array)
#6 /Users/rekki/htdocs/ritz/wp-includes/general-template.php(204): locate_template(Array, true, false, Array)
#7 /Users/rekki/htdocs/ritz/wp-content/themes/ritz/front-page.php(33): get_tem in /Users/rekki/htdocs/ritz/wp-content/themes/ritz/template-parts/parts/banners/_part-banner-shop_favorites.php on line 26

2022-05-06T06:22:48+00:00 CRITICAL Uncaught Error: Call to undefined function get_post_thumbnail() in /Users/rekki/htdocs/ritz/wp-content/themes/ritz/template-parts/parts/banners/_part-banner-shop_favorites.php:27
Stack trace:
#0 /Users/rekki/htdocs/ritz/wp-includes/template.php(772): require()
#1 /Users/rekki/htdocs/ritz/wp-includes/template.php(716): load_template('/Users/rekki/ht...', false, Array)
#2 /Users/rekki/htdocs/ritz/wp-includes/general-template.php(204): locate_template(Array, true, false, Array)
#3 /Users/rekki/htdocs/ritz/wp-content/themes/ritz/template-parts/pages/home/_home-Banners.php(12): get_template_part('template-parts/...', 'shop_favorites')
#4 /Users/rekki/htdocs/ritz/wp-includes/template.php(772): require('/Users/rekki/ht...')
#5 /Users/rekki/htdocs/ritz/wp-includes/template.php(716): load_template('/Users/rekki/ht...', false, Array)
#6 /Users/rekki/htdocs/ritz/wp-includes/general-template.php(204): locate_template(Array, true, false, Array)
#7 /Users/rekki/htdocs/ritz/wp-content/themes/ritz/front-page.php(33): get_tem in /Users/rekki/htdocs/ritz/wp-content/themes/ritz/template-parts/parts/banners/_part-banner-shop_favorites.php on line 27

2022-05-06T06:50:54+00:00 CRITICAL Uncaught Error: Using $this when not in object context in /Users/rekki/htdocs/ritz/wp-content/themes/ritz/template-parts/parts/banners/_part-banner-shop_favorites.php:25
Stack trace:
#0 /Users/rekki/htdocs/ritz/wp-includes/template.php(772): require()
#1 /Users/rekki/htdocs/ritz/wp-includes/template.php(716): load_template('/Users/rekki/ht...', false, Array)
#2 /Users/rekki/htdocs/ritz/wp-includes/general-template.php(204): locate_template(Array, true, false, Array)
#3 /Users/rekki/htdocs/ritz/wp-content/themes/ritz/template-parts/pages/home/_home-Banners.php(12): get_template_part('template-parts/...', 'shop_favorites')
#4 /Users/rekki/htdocs/ritz/wp-includes/template.php(772): require('/Users/rekki/ht...')
#5 /Users/rekki/htdocs/ritz/wp-includes/template.php(716): load_template('/Users/rekki/ht...', false, Array)
#6 /Users/rekki/htdocs/ritz/wp-includes/general-template.php(204): locate_template(Array, true, false, Array)
#7 /Users/rekki/htdocs/ritz/wp-content/themes/ritz/front-page.php(33): get_template_par in /Users/rekki/htdocs/ritz/wp-content/themes/ritz/template-parts/parts/banners/_part-banner-shop_favorites.php on line 25

2022-05-06T06:51:02+00:00 CRITICAL Uncaught Error: Using $this when not in object context in /Users/rekki/htdocs/ritz/wp-content/themes/ritz/template-parts/parts/banners/_part-banner-shop_favorites.php:25
Stack trace:
#0 /Users/rekki/htdocs/ritz/wp-includes/template.php(772): require()
#1 /Users/rekki/htdocs/ritz/wp-includes/template.php(716): load_template('/Users/rekki/ht...', false, Array)
#2 /Users/rekki/htdocs/ritz/wp-includes/general-template.php(204): locate_template(Array, true, false, Array)
#3 /Users/rekki/htdocs/ritz/wp-content/themes/ritz/template-parts/pages/home/_home-Banners.php(12): get_template_part('template-parts/...', 'shop_favorites')
#4 /Users/rekki/htdocs/ritz/wp-includes/template.php(772): require('/Users/rekki/ht...')
#5 /Users/rekki/htdocs/ritz/wp-includes/template.php(716): load_template('/Users/rekki/ht...', false, Array)
#6 /Users/rekki/htdocs/ritz/wp-includes/general-template.php(204): locate_template(Array, true, false, Array)
#7 /Users/rekki/htdocs/ritz/wp-content/themes/ritz/front-page.php(33): get_template_par in /Users/rekki/htdocs/ritz/wp-content/themes/ritz/template-parts/parts/banners/_part-banner-shop_favorites.php on line 25

2022-05-06T06:51:05+00:00 CRITICAL Uncaught Error: Using $this when not in object context in /Users/rekki/htdocs/ritz/wp-content/themes/ritz/template-parts/parts/banners/_part-banner-shop_favorites.php:25
Stack trace:
#0 /Users/rekki/htdocs/ritz/wp-includes/template.php(772): require()
#1 /Users/rekki/htdocs/ritz/wp-includes/template.php(716): load_template('/Users/rekki/ht...', false, Array)
#2 /Users/rekki/htdocs/ritz/wp-includes/general-template.php(204): locate_template(Array, true, false, Array)
#3 /Users/rekki/htdocs/ritz/wp-content/themes/ritz/template-parts/pages/home/_home-Banners.php(12): get_template_part('template-parts/...', 'shop_favorites')
#4 /Users/rekki/htdocs/ritz/wp-includes/template.php(772): require('/Users/rekki/ht...')
#5 /Users/rekki/htdocs/ritz/wp-includes/template.php(716): load_template('/Users/rekki/ht...', false, Array)
#6 /Users/rekki/htdocs/ritz/wp-includes/general-template.php(204): locate_template(Array, true, false, Array)
#7 /Users/rekki/htdocs/ritz/wp-content/themes/ritz/front-page.php(33): get_template_par in /Users/rekki/htdocs/ritz/wp-content/themes/ritz/template-parts/parts/banners/_part-banner-shop_favorites.php on line 25

2022-05-06T06:51:13+00:00 CRITICAL Uncaught Error: Using $this when not in object context in /Users/rekki/htdocs/ritz/wp-content/themes/ritz/template-parts/parts/banners/_part-banner-shop_favorites.php:25
Stack trace:
#0 /Users/rekki/htdocs/ritz/wp-includes/template.php(772): require()
#1 /Users/rekki/htdocs/ritz/wp-includes/template.php(716): load_template('/Users/rekki/ht...', false, Array)
#2 /Users/rekki/htdocs/ritz/wp-includes/general-template.php(204): locate_template(Array, true, false, Array)
#3 /Users/rekki/htdocs/ritz/wp-content/themes/ritz/template-parts/pages/home/_home-Banners.php(12): get_template_part('template-parts/...', 'shop_favorites')
#4 /Users/rekki/htdocs/ritz/wp-includes/template.php(772): require('/Users/rekki/ht...')
#5 /Users/rekki/htdocs/ritz/wp-includes/template.php(716): load_template('/Users/rekki/ht...', false, Array)
#6 /Users/rekki/htdocs/ritz/wp-includes/general-template.php(204): locate_template(Array, true, false, Array)
#7 /Users/rekki/htdocs/ritz/wp-content/themes/ritz/front-page.php(33): get_template_par in /Users/rekki/htdocs/ritz/wp-content/themes/ritz/template-parts/parts/banners/_part-banner-shop_favorites.php on line 25

2022-05-06T06:51:18+00:00 CRITICAL Uncaught Error: Using $this when not in object context in /Users/rekki/htdocs/ritz/wp-content/themes/ritz/template-parts/parts/banners/_part-banner-shop_favorites.php:25
Stack trace:
#0 /Users/rekki/htdocs/ritz/wp-includes/template.php(772): require()
#1 /Users/rekki/htdocs/ritz/wp-includes/template.php(716): load_template('/Users/rekki/ht...', false, Array)
#2 /Users/rekki/htdocs/ritz/wp-includes/general-template.php(204): locate_template(Array, true, false, Array)
#3 /Users/rekki/htdocs/ritz/wp-content/themes/ritz/template-parts/pages/home/_home-Banners.php(12): get_template_part('template-parts/...', 'shop_favorites')
#4 /Users/rekki/htdocs/ritz/wp-includes/template.php(772): require('/Users/rekki/ht...')
#5 /Users/rekki/htdocs/ritz/wp-includes/template.php(716): load_template('/Users/rekki/ht...', false, Array)
#6 /Users/rekki/htdocs/ritz/wp-includes/general-template.php(204): locate_template(Array, true, false, Array)
#7 /Users/rekki/htdocs/ritz/wp-content/themes/ritz/front-page.php(33): get_template_par in /Users/rekki/htdocs/ritz/wp-content/themes/ritz/template-parts/parts/banners/_part-banner-shop_favorites.php on line 25

2022-05-06T06:51:38+00:00 CRITICAL Uncaught Error: Using $this when not in object context in /Users/rekki/htdocs/ritz/wp-content/themes/ritz/template-parts/parts/banners/_part-banner-shop_favorites.php:25
Stack trace:
#0 /Users/rekki/htdocs/ritz/wp-includes/template.php(772): require()
#1 /Users/rekki/htdocs/ritz/wp-includes/template.php(716): load_template('/Users/rekki/ht...', false, Array)
#2 /Users/rekki/htdocs/ritz/wp-includes/general-template.php(204): locate_template(Array, true, false, Array)
#3 /Users/rekki/htdocs/ritz/wp-content/themes/ritz/template-parts/pages/home/_home-Banners.php(12): get_template_part('template-parts/...', 'shop_favorites')
#4 /Users/rekki/htdocs/ritz/wp-includes/template.php(772): require('/Users/rekki/ht...')
#5 /Users/rekki/htdocs/ritz/wp-includes/template.php(716): load_template('/Users/rekki/ht...', false, Array)
#6 /Users/rekki/htdocs/ritz/wp-includes/general-template.php(204): locate_template(Array, true, false, Array)
#7 /Users/rekki/htdocs/ritz/wp-content/themes/ritz/front-page.php(33): get_template_par in /Users/rekki/htdocs/ritz/wp-content/themes/ritz/template-parts/parts/banners/_part-banner-shop_favorites.php on line 25

2022-05-06T06:54:51+00:00 CRITICAL Uncaught ArgumentCountError: Too few arguments to function get_the_term_list(), 1 passed in /Users/rekki/htdocs/ritz/wp-content/themes/ritz/template-parts/parts/banners/_part-banner-shop_favorites.php on line 24 and at least 2 expected in /Users/rekki/htdocs/ritz/wp-includes/category-template.php:1322
Stack trace:
#0 /Users/rekki/htdocs/ritz/wp-content/themes/ritz/template-parts/parts/banners/_part-banner-shop_favorites.php(24): get_the_term_list(129)
#1 /Users/rekki/htdocs/ritz/wp-includes/template.php(772): require('/Users/rekki/ht...')
#2 /Users/rekki/htdocs/ritz/wp-includes/template.php(716): load_template('/Users/rekki/ht...', false, Array)
#3 /Users/rekki/htdocs/ritz/wp-includes/general-template.php(204): locate_template(Array, true, false, Array)
#4 /Users/rekki/htdocs/ritz/wp-content/themes/ritz/template-parts/pages/home/_home-Banners.php(12): get_template_part('template-parts/...', 'shop_favorites')
#5 /Users/rekki/htdocs/ritz/wp-includes/template.php(772): require('/Users/rekki/ht...')
#6 /Users/rek in /Users/rekki/htdocs/ritz/wp-includes/category-template.php on line 1322

2022-05-06T06:55:08+00:00 CRITICAL Uncaught ArgumentCountError: Too few arguments to function get_the_term_list(), 1 passed in /Users/rekki/htdocs/ritz/wp-content/themes/ritz/template-parts/parts/banners/_part-banner-shop_favorites.php on line 24 and at least 2 expected in /Users/rekki/htdocs/ritz/wp-includes/category-template.php:1322
Stack trace:
#0 /Users/rekki/htdocs/ritz/wp-content/themes/ritz/template-parts/parts/banners/_part-banner-shop_favorites.php(24): get_the_term_list(129)
#1 /Users/rekki/htdocs/ritz/wp-includes/template.php(772): require('/Users/rekki/ht...')
#2 /Users/rekki/htdocs/ritz/wp-includes/template.php(716): load_template('/Users/rekki/ht...', false, Array)
#3 /Users/rekki/htdocs/ritz/wp-includes/general-template.php(204): locate_template(Array, true, false, Array)
#4 /Users/rekki/htdocs/ritz/wp-content/themes/ritz/template-parts/pages/home/_home-Banners.php(12): get_template_part('template-parts/...', 'shop_favorites')
#5 /Users/rekki/htdocs/ritz/wp-includes/template.php(772): require('/Users/rekki/ht...')
#6 /Users/rek in /Users/rekki/htdocs/ritz/wp-includes/category-template.php on line 1322

2022-05-06T06:55:42+00:00 CRITICAL Uncaught ArgumentCountError: Too few arguments to function get_the_term_list(), 1 passed in /Users/rekki/htdocs/ritz/wp-content/themes/ritz/template-parts/parts/banners/_part-banner-shop_favorites.php on line 24 and at least 2 expected in /Users/rekki/htdocs/ritz/wp-includes/category-template.php:1322
Stack trace:
#0 /Users/rekki/htdocs/ritz/wp-content/themes/ritz/template-parts/parts/banners/_part-banner-shop_favorites.php(24): get_the_term_list(129)
#1 /Users/rekki/htdocs/ritz/wp-includes/template.php(772): require('/Users/rekki/ht...')
#2 /Users/rekki/htdocs/ritz/wp-includes/template.php(716): load_template('/Users/rekki/ht...', false, Array)
#3 /Users/rekki/htdocs/ritz/wp-includes/general-template.php(204): locate_template(Array, true, false, Array)
#4 /Users/rekki/htdocs/ritz/wp-content/themes/ritz/template-parts/pages/home/_home-Banners.php(12): get_template_part('template-parts/...', 'shop_favorites')
#5 /Users/rekki/htdocs/ritz/wp-includes/template.php(772): require('/Users/rekki/ht...')
#6 /Users/rek in /Users/rekki/htdocs/ritz/wp-includes/category-template.php on line 1322

2022-05-06T07:15:02+00:00 CRITICAL syntax error, unexpected ';', expecting ')' in /Users/rekki/htdocs/ritz/wp-content/themes/ritz/template-parts/parts/banners/_part-banner-shop_favorites.php on line 24

2022-05-06T07:15:09+00:00 CRITICAL syntax error, unexpected ';', expecting ')' in /Users/rekki/htdocs/ritz/wp-content/themes/ritz/template-parts/parts/banners/_part-banner-shop_favorites.php on line 24

2022-05-06T07:15:20+00:00 CRITICAL syntax error, unexpected ';', expecting ')' in /Users/rekki/htdocs/ritz/wp-content/themes/ritz/template-parts/parts/banners/_part-banner-shop_favorites.php on line 24

2022-05-06T07:41:54+00:00 CRITICAL syntax error, unexpected ',' in /Users/rekki/htdocs/ritz/wp-content/themes/ritz/template-parts/parts/banners/_part-banner-shop-favorites.php on line 34

2022-05-06T12:08:44+00:00 CRITICAL syntax error, unexpected ';', expecting ')' in /Users/rekki/htdocs/ritz/wp-content/themes/ritz/template-parts/parts/banners/_part-banner-keep-updated.php on line 26

2022-05-06T12:09:09+00:00 CRITICAL Uncaught Error: Cannot use object of type WP_Term as array in /Users/rekki/htdocs/ritz/wp-content/themes/ritz/template-parts/parts/banners/_part-banner-keep-updated.php:30
Stack trace:
#0 /Users/rekki/htdocs/ritz/wp-includes/template.php(772): require()
#1 /Users/rekki/htdocs/ritz/wp-includes/template.php(716): load_template('/Users/rekki/ht...', false, Array)
#2 /Users/rekki/htdocs/ritz/wp-includes/general-template.php(204): locate_template(Array, true, false, Array)
#3 /Users/rekki/htdocs/ritz/wp-content/themes/ritz/template-parts/pages/home/_home-Banners.php(12): get_template_part('template-parts/...', 'keep-updated')
#4 /Users/rekki/htdocs/ritz/wp-includes/template.php(772): require('/Users/rekki/ht...')
#5 /Users/rekki/htdocs/ritz/wp-includes/template.php(716): load_template('/Users/rekki/ht...', false, Array)
#6 /Users/rekki/htdocs/ritz/wp-includes/general-template.php(204): locate_template(Array, true, false, Array)
#7 /Users/rekki/htdocs/ritz/wp-content/themes/ritz/front-page.php(33): get_template_par in /Users/rekki/htdocs/ritz/wp-content/themes/ritz/template-parts/parts/banners/_part-banner-keep-updated.php on line 30

2022-05-06T13:43:03+00:00 CRITICAL syntax error, unexpected 'add_action' (T_STRING) in /Users/rekki/htdocs/ritz/wp-content/themes/ritz/inc/_custom-footer.php on line 9

2022-05-06T14:04:32+00:00 CRITICAL syntax error, unexpected ')' in /Users/rekki/htdocs/ritz/wp-content/themes/ritz/inc/_custom-footer.php on line 64

2022-05-06T14:04:53+00:00 CRITICAL syntax error, unexpected ')' in /Users/rekki/htdocs/ritz/wp-content/themes/ritz/inc/_custom-footer.php on line 64

2022-05-06T14:52:19+00:00 CRITICAL syntax error, unexpected 'Logo' (T_STRING) in /Users/rekki/htdocs/ritz/wp-content/themes/ritz/inc/_custom-footer.php on line 25

2022-05-06T15:19:30+00:00 CRITICAL Uncaught Error: Call to undefined function ritz_posted_on() in /Users/rekki/htdocs/ritz/wp-content/themes/ritz/template-parts/content.php:25
Stack trace:
#0 /Users/rekki/htdocs/ritz/wp-includes/template.php(772): require()
#1 /Users/rekki/htdocs/ritz/wp-includes/template.php(716): load_template('/Users/rekki/ht...', false, Array)
#2 /Users/rekki/htdocs/ritz/wp-includes/general-template.php(204): locate_template(Array, true, false, Array)
#3 /Users/rekki/htdocs/ritz/wp-content/themes/ritz/single.php(19): get_template_part('template-parts/...', 'post')
#4 /Users/rekki/htdocs/ritz/wp-includes/template-loader.php(106): include('/Users/rekki/ht...')
#5 /Users/rekki/htdocs/ritz/wp-blog-header.php(19): require_once('/Users/rekki/ht...')
#6 /Users/rekki/htdocs/ritz/index.php(17): require('/Users/rekki/ht...')
#7 {main}
  thrown in /Users/rekki/htdocs/ritz/wp-content/themes/ritz/template-parts/content.php on line 25

2022-05-06T15:20:10+00:00 CRITICAL Uncaught Error: Call to undefined function ritz_posted_on() in /Users/rekki/htdocs/ritz/wp-content/themes/ritz/template-parts/content.php:25
Stack trace:
#0 /Users/rekki/htdocs/ritz/wp-includes/template.php(772): require()
#1 /Users/rekki/htdocs/ritz/wp-includes/template.php(716): load_template('/Users/rekki/ht...', false, Array)
#2 /Users/rekki/htdocs/ritz/wp-includes/general-template.php(204): locate_template(Array, true, false, Array)
#3 /Users/rekki/htdocs/ritz/wp-content/themes/ritz/single.php(19): get_template_part('template-parts/...', 'post')
#4 /Users/rekki/htdocs/ritz/wp-includes/template-loader.php(106): include('/Users/rekki/ht...')
#5 /Users/rekki/htdocs/ritz/wp-blog-header.php(19): require_once('/Users/rekki/ht...')
#6 /Users/rekki/htdocs/ritz/index.php(17): require('/Users/rekki/ht...')
#7 {main}
  thrown in /Users/rekki/htdocs/ritz/wp-content/themes/ritz/template-parts/content.php on line 25

2022-05-06T15:31:30+00:00 CRITICAL syntax error, unexpected ')' in /Users/rekki/htdocs/ritz/wp-content/themes/ritz/template-parts/parts/banners/_part-banner-keep-updated.php on line 26

2022-05-06T15:33:02+00:00 CRITICAL syntax error, unexpected ':' in /Users/rekki/htdocs/ritz/wp-content/themes/ritz/template-parts/parts/banners/_part-banner-keep-updated.php on line 28

2022-05-06T16:07:33+00:00 CRITICAL syntax error, unexpected '.' in /Users/rekki/htdocs/ritz/wp-content/themes/ritz/inc/option-page.php on line 19

2022-05-06T16:16:53+00:00 CRITICAL Uncaught Error: Call to undefined function ritz_posted_on() in /Users/rekki/htdocs/ritz/wp-content/themes/ritz/template-parts/content.php:25
Stack trace:
#0 /Users/rekki/htdocs/ritz/wp-includes/template.php(772): require()
#1 /Users/rekki/htdocs/ritz/wp-includes/template.php(716): load_template('/Users/rekki/ht...', false, Array)
#2 /Users/rekki/htdocs/ritz/wp-includes/general-template.php(204): locate_template(Array, true, false, Array)
#3 /Users/rekki/htdocs/ritz/wp-content/themes/ritz/single.php(22): get_template_part('template-parts/...', 'post')
#4 /Users/rekki/htdocs/ritz/wp-includes/template-loader.php(106): include('/Users/rekki/ht...')
#5 /Users/rekki/htdocs/ritz/wp-blog-header.php(19): require_once('/Users/rekki/ht...')
#6 /Users/rekki/htdocs/ritz/index.php(17): require('/Users/rekki/ht...')
#7 {main}
  thrown in /Users/rekki/htdocs/ritz/wp-content/themes/ritz/template-parts/content.php on line 25

2022-05-06T16:16:55+00:00 CRITICAL Uncaught Error: Call to undefined function ritz_posted_on() in /Users/rekki/htdocs/ritz/wp-content/themes/ritz/template-parts/content.php:25
Stack trace:
#0 /Users/rekki/htdocs/ritz/wp-includes/template.php(772): require()
#1 /Users/rekki/htdocs/ritz/wp-includes/template.php(716): load_template('/Users/rekki/ht...', false, Array)
#2 /Users/rekki/htdocs/ritz/wp-includes/general-template.php(204): locate_template(Array, true, false, Array)
#3 /Users/rekki/htdocs/ritz/wp-content/themes/ritz/single.php(22): get_template_part('template-parts/...', 'post')
#4 /Users/rekki/htdocs/ritz/wp-includes/template-loader.php(106): include('/Users/rekki/ht...')
#5 /Users/rekki/htdocs/ritz/wp-blog-header.php(19): require_once('/Users/rekki/ht...')
#6 /Users/rekki/htdocs/ritz/index.php(17): require('/Users/rekki/ht...')
#7 {main}
  thrown in /Users/rekki/htdocs/ritz/wp-content/themes/ritz/template-parts/content.php on line 25

2022-05-06T16:16:57+00:00 CRITICAL Uncaught Error: Call to undefined function ritz_posted_on() in /Users/rekki/htdocs/ritz/wp-content/themes/ritz/template-parts/content.php:25
Stack trace:
#0 /Users/rekki/htdocs/ritz/wp-includes/template.php(772): require()
#1 /Users/rekki/htdocs/ritz/wp-includes/template.php(716): load_template('/Users/rekki/ht...', false, Array)
#2 /Users/rekki/htdocs/ritz/wp-includes/general-template.php(204): locate_template(Array, true, false, Array)
#3 /Users/rekki/htdocs/ritz/wp-content/themes/ritz/single.php(22): get_template_part('template-parts/...', 'post')
#4 /Users/rekki/htdocs/ritz/wp-includes/template-loader.php(106): include('/Users/rekki/ht...')
#5 /Users/rekki/htdocs/ritz/wp-blog-header.php(19): require_once('/Users/rekki/ht...')
#6 /Users/rekki/htdocs/ritz/index.php(17): require('/Users/rekki/ht...')
#7 {main}
  thrown in /Users/rekki/htdocs/ritz/wp-content/themes/ritz/template-parts/content.php on line 25

2022-05-06T16:16:58+00:00 CRITICAL Uncaught Error: Call to undefined function ritz_posted_on() in /Users/rekki/htdocs/ritz/wp-content/themes/ritz/template-parts/content.php:25
Stack trace:
#0 /Users/rekki/htdocs/ritz/wp-includes/template.php(772): require()
#1 /Users/rekki/htdocs/ritz/wp-includes/template.php(716): load_template('/Users/rekki/ht...', false, Array)
#2 /Users/rekki/htdocs/ritz/wp-includes/general-template.php(204): locate_template(Array, true, false, Array)
#3 /Users/rekki/htdocs/ritz/wp-content/themes/ritz/single.php(22): get_template_part('template-parts/...', 'post')
#4 /Users/rekki/htdocs/ritz/wp-includes/template-loader.php(106): include('/Users/rekki/ht...')
#5 /Users/rekki/htdocs/ritz/wp-blog-header.php(19): require_once('/Users/rekki/ht...')
#6 /Users/rekki/htdocs/ritz/index.php(17): require('/Users/rekki/ht...')
#7 {main}
  thrown in /Users/rekki/htdocs/ritz/wp-content/themes/ritz/template-parts/content.php on line 25

2022-05-06T16:17:15+00:00 CRITICAL Uncaught Error: Call to undefined function ritz_posted_on() in /Users/rekki/htdocs/ritz/wp-content/themes/ritz/template-parts/content.php:25
Stack trace:
#0 /Users/rekki/htdocs/ritz/wp-includes/template.php(772): require()
#1 /Users/rekki/htdocs/ritz/wp-includes/template.php(716): load_template('/Users/rekki/ht...', false, Array)
#2 /Users/rekki/htdocs/ritz/wp-includes/general-template.php(204): locate_template(Array, true, false, Array)
#3 /Users/rekki/htdocs/ritz/wp-content/themes/ritz/single.php(22): get_template_part('template-parts/...', 'post')
#4 /Users/rekki/htdocs/ritz/wp-includes/template-loader.php(106): include('/Users/rekki/ht...')
#5 /Users/rekki/htdocs/ritz/wp-blog-header.php(19): require_once('/Users/rekki/ht...')
#6 /Users/rekki/htdocs/ritz/index.php(17): require('/Users/rekki/ht...')
#7 {main}
  thrown in /Users/rekki/htdocs/ritz/wp-content/themes/ritz/template-parts/content.php on line 25

2022-05-06T16:17:17+00:00 CRITICAL Uncaught Error: Call to undefined function ritz_posted_on() in /Users/rekki/htdocs/ritz/wp-content/themes/ritz/template-parts/content.php:25
Stack trace:
#0 /Users/rekki/htdocs/ritz/wp-includes/template.php(772): require()
#1 /Users/rekki/htdocs/ritz/wp-includes/template.php(716): load_template('/Users/rekki/ht...', false, Array)
#2 /Users/rekki/htdocs/ritz/wp-includes/general-template.php(204): locate_template(Array, true, false, Array)
#3 /Users/rekki/htdocs/ritz/wp-content/themes/ritz/single.php(22): get_template_part('template-parts/...', 'post')
#4 /Users/rekki/htdocs/ritz/wp-includes/template-loader.php(106): include('/Users/rekki/ht...')
#5 /Users/rekki/htdocs/ritz/wp-blog-header.php(19): require_once('/Users/rekki/ht...')
#6 /Users/rekki/htdocs/ritz/index.php(17): require('/Users/rekki/ht...')
#7 {main}
  thrown in /Users/rekki/htdocs/ritz/wp-content/themes/ritz/template-parts/content.php on line 25

2022-05-06T16:17:18+00:00 CRITICAL Uncaught Error: Call to undefined function ritz_posted_on() in /Users/rekki/htdocs/ritz/wp-content/themes/ritz/template-parts/content.php:25
Stack trace:
#0 /Users/rekki/htdocs/ritz/wp-includes/template.php(772): require()
#1 /Users/rekki/htdocs/ritz/wp-includes/template.php(716): load_template('/Users/rekki/ht...', false, Array)
#2 /Users/rekki/htdocs/ritz/wp-includes/general-template.php(204): locate_template(Array, true, false, Array)
#3 /Users/rekki/htdocs/ritz/wp-content/themes/ritz/single.php(22): get_template_part('template-parts/...', 'post')
#4 /Users/rekki/htdocs/ritz/wp-includes/template-loader.php(106): include('/Users/rekki/ht...')
#5 /Users/rekki/htdocs/ritz/wp-blog-header.php(19): require_once('/Users/rekki/ht...')
#6 /Users/rekki/htdocs/ritz/index.php(17): require('/Users/rekki/ht...')
#7 {main}
  thrown in /Users/rekki/htdocs/ritz/wp-content/themes/ritz/template-parts/content.php on line 25

2022-05-06T16:34:47+00:00 CRITICAL Cannot redeclare ritz_header_TagHeaderOpen() (previously declared in /Users/rekki/htdocs/ritz/wp-content/themes/ritz/inc/_custom-header.php:9) in /Users/rekki/htdocs/ritz/wp-content/themes/ritz/inc/woocommerce.php on line 288

2022-05-06T16:34:48+00:00 CRITICAL Cannot redeclare ritz_header_TagHeaderOpen() (previously declared in /Users/rekki/htdocs/ritz/wp-content/themes/ritz/inc/_custom-header.php:9) in /Users/rekki/htdocs/ritz/wp-content/themes/ritz/inc/woocommerce.php on line 288

2022-05-06T16:34:54+00:00 CRITICAL Cannot redeclare ritz_header_TagHeaderOpen() (previously declared in /Users/rekki/htdocs/ritz/wp-content/themes/ritz/inc/_custom-header.php:9) in /Users/rekki/htdocs/ritz/wp-content/themes/ritz/inc/woocommerce.php on line 288

2022-05-06T16:34:57+00:00 CRITICAL Cannot redeclare ritz_header_TagHeaderOpen() (previously declared in /Users/rekki/htdocs/ritz/wp-content/themes/ritz/inc/_custom-header.php:9) in /Users/rekki/htdocs/ritz/wp-content/themes/ritz/inc/woocommerce.php on line 288

2022-05-06T16:35:02+00:00 CRITICAL Cannot redeclare ritz_header_TagHeaderOpen() (previously declared in /Users/rekki/htdocs/ritz/wp-content/themes/ritz/inc/_custom-header.php:9) in /Users/rekki/htdocs/ritz/wp-content/themes/ritz/inc/woocommerce.php on line 288

2022-05-06T17:30:47+00:00 CRITICAL Cannot redeclare ritz_breadcrumbs_container_TagBreadcrumbsOpen() (previously declared in /Users/rekki/htdocs/ritz/wp-content/themes/ritz/inc/woocommerce.php:325) in /Users/rekki/htdocs/ritz/wp-content/themes/ritz/inc/woocommerce.php on line 343

2022-05-06T17:31:01+00:00 CRITICAL Cannot redeclare ritz_breadcrumbs_container_TagBreadcrumbsOpen() (previously declared in /Users/rekki/htdocs/ritz/wp-content/themes/ritz/inc/woocommerce.php:325) in /Users/rekki/htdocs/ritz/wp-content/themes/ritz/inc/woocommerce.php on line 343

